<?xml version="1.0" encoding="UTF-8"?>
<!-- Generated by org.testng.reporters.JUnitReportReporter -->
<<<<<<< Updated upstream
<testsuite hostname="LPT-1008" failures="0" tests="1" name="testcases.AccountPageTest" time="58.535" errors="0" timestamp="2022-03-07T18:23:16 IST" skipped="0">
  <testcase classname="testcases.AccountPageTest" name="craetenewacc" time="58.535"/>
=======
<<<<<<< Updated upstream
<testsuite hostname="LPT-1008" failures="0" tests="1" name="testcases.AccountPageTest" time="47.722" errors="0" timestamp="2022-03-02T14:27:44 IST" skipped="0">
  <testcase classname="testcases.AccountPageTest" name="craetenewacc" time="47.722"/>
>>>>>>> Stashed changes
  <system-out/>
</testsuite> <!-- testcases.AccountPageTest -->
=======
<testsuite hostname="GPayghan" failures="0" tests="1" name="testcases.AccountPageTest" time="43.543" errors="0" timestamp="2022-03-09T14:16:40 IST" skipped="0">
  <testcase classname="testcases.AccountPageTest" name="craetenewacc" time="43.543"/>
  <system-out/>
</testsuite> <!-- testcases.AccountPageTest -->
>>>>>>> Stashed changes
