<?xml version="1.0" encoding="UTF-8"?>
<!-- Generated by org.testng.reporters.JUnitReportReporter -->
<testsuite hostname="LPT-1008" failures="0" tests="1" name="testcases.ContactPageTest" time="49.186" errors="0" timestamp="2022-03-07T16:14:35 IST" skipped="0">
  <testcase classname="testcases.ContactPageTest" name="createNewContact" time="49.186"/>
  <system-out/>
</testsuite> <!-- testcases.ContactPageTest -->
