<?xml version="1.0" encoding="UTF-8"?>
<!-- Generated by org.testng.reporters.JUnitReportReporter -->
<<<<<<< Updated upstream
<testsuite hostname="LPT-1008" failures="0" tests="1" name="testcases.LeadCreateTest" time="52.830" errors="0" timestamp="2022-03-07T07:20:54 IST" skipped="0">
  <testcase classname="testcases.LeadCreateTest" name="createLead" time="52.830"/>
=======
<<<<<<< Updated upstream
<testsuite hostname="GPayghan" failures="0" tests="2" name="testcases.LeadCreateTest" time="53.760" errors="0" timestamp="2022-02-16T15:18:14 IST" skipped="0">
  <testcase classname="testcases.LeadCreateTest" name="verifyLead" time="22.006"/>
  <system-out/>
  <testcase classname="testcases.LeadCreateTest" name="createLead" time="31.754"/>
=======
<testsuite hostname="GPayghan" failures="1" tests="3" name="testcases.LeadCreateTest" time="58.270" errors="0" timestamp="2022-03-09T14:51:43 IST" skipped="1">
  <testcase classname="testcases.LeadCreateTest" name="setup" time="53.177">
    <failure message="Home page does not matched expected [Lightning Experience] but found [Home | Salesforce]" type="java.lang.AssertionError">
      <![CDATA[java.lang.AssertionError: Home page does not matched expected [Lightning Experience] but found [Home | Salesforce]
at org.testng.Assert.fail(Assert.java:99)
at org.testng.Assert.failNotEquals(Assert.java:1037)
at org.testng.Assert.assertEqualsImpl(Assert.java:140)
at org.testng.Assert.assertEquals(Assert.java:122)
at org.testng.Assert.assertEquals(Assert.java:629)
at testcases.LeadCreateTest.setup(LeadCreateTest.java:37)
at java.base/jdk.internal.reflect.NativeMethodAccessorImpl.invoke0(Native Method)
at java.base/jdk.internal.reflect.NativeMethodAccessorImpl.invoke(NativeMethodAccessorImpl.java:62)
at java.base/jdk.internal.reflect.DelegatingMethodAccessorImpl.invoke(DelegatingMethodAccessorImpl.java:43)
at java.base/java.lang.reflect.Method.invoke(Method.java:567)
at org.testng.internal.MethodInvocationHelper.invokeMethod(MethodInvocationHelper.java:133)
at org.testng.internal.MethodInvocationHelper.invokeMethodConsideringTimeout(MethodInvocationHelper.java:62)
at org.testng.internal.ConfigInvoker.invokeConfigurationMethod(ConfigInvoker.java:385)
at org.testng.internal.ConfigInvoker.invokeConfigurations(ConfigInvoker.java:321)
at org.testng.internal.TestInvoker.runConfigMethods(TestInvoker.java:700)
at org.testng.internal.TestInvoker.invokeMethod(TestInvoker.java:527)
at org.testng.internal.TestInvoker.invokeTestMethod(TestInvoker.java:173)
at org.testng.internal.MethodRunner.runInSequence(MethodRunner.java:46)
at org.testng.internal.TestInvoker$MethodInvocationAgent.invoke(TestInvoker.java:824)
at org.testng.internal.TestInvoker.invokeTestMethods(TestInvoker.java:146)
at org.testng.internal.TestMethodWorker.invokeTestMethods(TestMethodWorker.java:146)
at org.testng.internal.TestMethodWorker.run(TestMethodWorker.java:128)
at java.base/java.util.concurrent.ThreadPoolExecutor.runWorker(ThreadPoolExecutor.java:1128)
at java.base/java.util.concurrent.ThreadPoolExecutor$Worker.run(ThreadPoolExecutor.java:628)
at java.base/java.lang.Thread.run(Thread.java:830)
]]>
    </failure>
  </testcase> <!-- setup -->
  <system-out/>
  <testcase classname="testcases.LeadCreateTest" name="verifyLead" time="5.093"/>
  <system-out/>
  <testcase classname="testcases.LeadCreateTest" name="createLead" time="0.000">
    <skipped/>
  </testcase> <!-- createLead -->
>>>>>>> Stashed changes
>>>>>>> Stashed changes
  <system-out/>
</testsuite> <!-- testcases.LeadCreateTest -->
