<?xml version="1.0" encoding="UTF-8"?>
<!-- Generated by org.testng.reporters.JUnitReportReporter -->
<testsuite hostname="LPT-1008" failures="0" tests="1" name="actions.LoginPage" time="37.722" errors="0" timestamp="2022-01-13T17:49:49 IST" skipped="0">
  <testcase classname="actions.LoginPage" name="openBrowser" time="37.722"/>
  <system-out/>
</testsuite> <!-- actions.LoginPage -->
