<?xml version="1.0" encoding="UTF-8"?>
<!-- Generated by org.testng.reporters.JUnitReportReporter -->
<testsuite hostname="LPT-1008" failures="0" tests="1" name="testcases.ChildAccountPageTest" time="67.924" errors="0" timestamp="2022-03-04T16:38:42 IST" skipped="0">
  <testcase classname="testcases.ChildAccountPageTest" name="craetechildacc" time="67.924"/>
  <system-out/>
</testsuite> <!-- testcases.ChildAccountPageTest -->
