<?xml version="1.0" encoding="UTF-8"?>
<!-- Generated by org.testng.reporters.JUnitReportReporter -->
<testsuite hostname="GPayghan" failures="0" tests="1" name="testcases.AllTest" time="36.659" errors="0" timestamp="2022-02-21T15:50:42 IST" skipped="0">
  <testcase classname="testcases.AllTest" name="AllTestCases" time="36.659"/>
  <system-out/>
</testsuite> <!-- testcases.AllTest -->
