<?xml version="1.0" encoding="UTF-8"?>
<!-- Generated by org.testng.reporters.JUnitReportReporter -->
<testsuite hostname="GPayghan" failures="0" tests="1" name="testcases.LoginPageTestCase" time="11.682" errors="0" timestamp="2022-03-09T10:50:05 IST" skipped="0">
  <testcase classname="testcases.LoginPageTestCase" name="loginT" time="11.682"/>
  <system-out/>
</testsuite> <!-- testcases.LoginPageTestCase -->
