<?xml version="1.0" encoding="UTF-8"?>
<!-- Generated by org.testng.reporters.JUnitReportReporter -->
<testsuite hostname="GPayghan" failures="0" tests="1" name="com.sca.testcases.PriceBookTest" time="53.426" errors="0" timestamp="2022-03-10T14:11:26 IST" skipped="0">
  <testcase classname="com.sca.testcases.PriceBookTest" name="createPriceBook" time="53.426"/>
  <system-out/>
</testsuite> <!-- com.sca.testcases.PriceBookTest -->
