<?xml version="1.0" encoding="UTF-8"?>
<!-- Generated by org.testng.reporters.JUnitReportReporter -->
<testsuite hostname="LPT-1008" failures="0" tests="1" name="testcases.CreateTesk" time="72.394" errors="0" timestamp="2022-03-07T16:41:17 IST" skipped="0">
  <testcase classname="testcases.CreateTesk" name="createTaskForLead" time="72.394"/>
  <system-out/>
</testsuite> <!-- testcases.CreateTesk -->
