<?xml version="1.0" encoding="UTF-8"?>
<!-- Generated by org.testng.reporters.JUnitReportReporter -->
<<<<<<< Updated upstream
<testsuite hostname="LPT-1008" failures="0" tests="3" name="testcases.ChildCampaignCreateTest" time="111.583" errors="0" timestamp="2022-03-04T16:12:23 IST" skipped="0">
  <testcase classname="testcases.ChildCampaignCreateTest" name="createChildCampaign" time="28.200"/>
  <system-out/>
  <testcase classname="testcases.ChildCampaignCreateTest" name="createChildCampaign" time="44.105"/>
  <system-out/>
  <testcase classname="testcases.ChildCampaignCreateTest" name="createChildCampaign" time="39.278"/>
=======
<<<<<<< Updated upstream
<testsuite hostname="GPayghan" failures="0" tests="1" name="testcases.ChildCampaignCreateTest" time="39.284" errors="0" timestamp="2022-02-16T12:22:23 IST" skipped="0">
  <testcase classname="testcases.ChildCampaignCreateTest" name="createChildCampaign" time="39.284"/>
=======
<testsuite hostname="GPayghan" failures="0" tests="4" name="testcases.ChildCampaignCreateTest" time="42.320" errors="1" timestamp="2022-03-09T14:51:43 IST" skipped="3">
  <testcase classname="testcases.ChildCampaignCreateTest" name="createChildCampaign" time="0.000">
    <skipped/>
  </testcase> <!-- createChildCampaign -->
  <system-out/>
  <testcase classname="testcases.ChildCampaignCreateTest" name="setup" time="42.320">
    <error message="Lightning Experience expected:&lt;Lightning Experience&gt; but was:&lt;Home page does not matched&gt;" type="junit.framework.ComparisonFailure">
      <![CDATA[junit.framework.ComparisonFailure: Lightning Experience expected:<Lightning Experience> but was:<Home page does not matched>
at junit.framework.Assert.assertEquals(Assert.java:81)
at testcases.ChildCampaignCreateTest.setup(ChildCampaignCreateTest.java:35)
at java.base/jdk.internal.reflect.NativeMethodAccessorImpl.invoke0(Native Method)
at java.base/jdk.internal.reflect.NativeMethodAccessorImpl.invoke(NativeMethodAccessorImpl.java:62)
at java.base/jdk.internal.reflect.DelegatingMethodAccessorImpl.invoke(DelegatingMethodAccessorImpl.java:43)
at java.base/java.lang.reflect.Method.invoke(Method.java:567)
at org.testng.internal.MethodInvocationHelper.invokeMethod(MethodInvocationHelper.java:133)
at org.testng.internal.MethodInvocationHelper.invokeMethodConsideringTimeout(MethodInvocationHelper.java:62)
at org.testng.internal.ConfigInvoker.invokeConfigurationMethod(ConfigInvoker.java:385)
at org.testng.internal.ConfigInvoker.invokeConfigurations(ConfigInvoker.java:321)
at org.testng.internal.TestInvoker.runConfigMethods(TestInvoker.java:700)
at org.testng.internal.TestInvoker.invokeMethod(TestInvoker.java:527)
at org.testng.internal.TestInvoker.invokeTestMethod(TestInvoker.java:173)
at org.testng.internal.MethodRunner.runInSequence(MethodRunner.java:46)
at org.testng.internal.TestInvoker$MethodInvocationAgent.invoke(TestInvoker.java:824)
at org.testng.internal.TestInvoker.invokeTestMethods(TestInvoker.java:146)
at org.testng.internal.TestMethodWorker.invokeTestMethods(TestMethodWorker.java:146)
at org.testng.internal.TestMethodWorker.run(TestMethodWorker.java:128)
at java.base/java.util.concurrent.ThreadPoolExecutor.runWorker(ThreadPoolExecutor.java:1128)
at java.base/java.util.concurrent.ThreadPoolExecutor$Worker.run(ThreadPoolExecutor.java:628)
at java.base/java.lang.Thread.run(Thread.java:830)
]]>
    </error>
  </testcase> <!-- setup -->
  <system-out/>
  <testcase classname="testcases.ChildCampaignCreateTest" name="createChildCampaign" time="0.000">
    <skipped/>
  </testcase> <!-- createChildCampaign -->
  <system-out/>
  <testcase classname="testcases.ChildCampaignCreateTest" name="createChildCampaign" time="0.000">
    <skipped/>
  </testcase> <!-- createChildCampaign -->
>>>>>>> Stashed changes
>>>>>>> Stashed changes
  <system-out/>
</testsuite> <!-- testcases.ChildCampaignCreateTest -->
