<?xml version="1.0" encoding="UTF-8"?>
<!-- Generated by org.testng.reporters.JUnitReportReporter -->
<testsuite hostname="LPT-1008" failures="0" tests="1" name="testcases.AccountPageTest" time="71.534" errors="0" timestamp="2022-03-09T20:20:54 IST" skipped="0">
  <testcase classname="testcases.AccountPageTest" name="craetenewacc" time="71.534"/>
  <system-out/>
</testsuite> <!-- testcases.AccountPageTest -->
