<?xml version="1.0" encoding="UTF-8"?>
<!-- Generated by org.testng.reporters.JUnitReportReporter -->
<testsuite hostname="GPayghan" failures="0" tests="1" name="com.sca.testcases.ChildAccountPageTest" time="51.928" errors="0" timestamp="2022-03-15T15:21:48 IST" skipped="0">
  <testcase classname="com.sca.testcases.ChildAccountPageTest" name="craetechildacc" time="51.928"/>
  <system-out/>
</testsuite> <!-- com.sca.testcases.ChildAccountPageTest -->
