<?xml version="1.0" encoding="UTF-8"?>
<!-- Generated by org.testng.reporters.JUnitReportReporter -->
<testsuite hostname="GPayghan" failures="0" tests="1" name="com.sca.testcases.CasePageTest" time="38.586" errors="0" timestamp="2022-03-15T15:20:02 IST" skipped="0">
  <testcase classname="com.sca.testcases.CasePageTest" name="createNewCase" time="38.586"/>
  <system-out/>
</testsuite> <!-- com.sca.testcases.CasePageTest -->
