<?xml version="1.0" encoding="UTF-8"?>
<!-- Generated by org.testng.reporters.JUnitReportReporter -->
<testsuite hostname="LPT-1008" failures="0" tests="1" name="testcases.ContractPageTest" time="59.765" errors="0" timestamp="2022-03-07T06:48:34 IST" skipped="0">
  <testcase classname="testcases.ContractPageTest" name="createNewContract" time="59.765"/>
  <system-out/>
</testsuite> <!-- testcases.ContractPageTest -->
