<?xml version="1.0" encoding="UTF-8"?>
<!-- Generated by org.testng.reporters.JUnitReportReporter -->
<testsuite hostname="GPayghan" failures="0" tests="1" name="com.sca.testcases.AccountPageTest" time="56.427" errors="0" timestamp="2022-04-05T15:51:15 IST" skipped="0">
  <testcase classname="com.sca.testcases.AccountPageTest" name="craetenewacc" time="56.427"/>
  <system-out/>
</testsuite> <!-- com.sca.testcases.AccountPageTest -->
