<?xml version="1.0" encoding="UTF-8"?>
<!-- Generated by org.testng.reporters.JUnitReportReporter -->
<testsuite hostname="LPT-1008" failures="0" tests="1" name="com.sca.testcases.AccountPageTest" time="70.264" errors="0" timestamp="2022-05-24T22:59:58 IST" skipped="0">
  <testcase classname="com.sca.testcases.AccountPageTest" name="craetenewacc" time="70.264"/>
  <system-out/>
</testsuite> <!-- com.sca.testcases.AccountPageTest -->
