<?xml version="1.0" encoding="UTF-8"?>
<!-- Generated by org.testng.reporters.JUnitReportReporter -->
<<<<<<< Updated upstream
<testsuite hostname="LPT-1008" failures="0" tests="1" name="testcases.ProductPageTest" time="47.534" errors="0" timestamp="2022-03-09T10:09:33 IST" skipped="0">
  <testcase classname="testcases.ProductPageTest" name="createNewProduct" time="47.534"/>
=======
<<<<<<< Updated upstream
<testsuite hostname="GPayghan" failures="0" tests="1" name="testcases.ProductPageTest" time="53.541" errors="0" timestamp="2022-03-01T18:42:15 IST" skipped="0">
  <testcase classname="testcases.ProductPageTest" name="PriceBookAddedProduct" time="53.541"/>
=======
<testsuite hostname="GPayghan" failures="0" tests="2" name="testcases.ProductPageTest" time="126.941" errors="0" timestamp="2022-03-09T10:54:16 IST" skipped="0">
  <testcase classname="testcases.ProductPageTest" name="createNewProduct" time="45.507"/>
  <system-out/>
  <testcase classname="testcases.ProductPageTest" name="PriceBookAddedProduct" time="81.434"/>
>>>>>>> Stashed changes
>>>>>>> Stashed changes
  <system-out/>
</testsuite> <!-- testcases.ProductPageTest -->
