<?xml version="1.0" encoding="UTF-8"?>
<!-- Generated by org.testng.reporters.JUnitReportReporter -->
<<<<<<< Updated upstream
<testsuite hostname="LPT-1008" failures="0" tests="3" name="testcases.CampaignCreateTest" time="158.236" errors="0" timestamp="2022-03-04T15:23:38 IST" skipped="0">
  <testcase classname="testcases.CampaignCreateTest" name="createCampaign" time="47.240"/>
=======
<<<<<<< Updated upstream
<testsuite hostname="GPayghan" failures="0" tests="4" name="testcases.CampaignCreateTest" time="135.882" errors="0" timestamp="2022-02-21T15:09:57 IST" skipped="0">
  <testcase classname="testcases.CampaignCreateTest" name="verifyCampaignPageName" time="38.438"/>
>>>>>>> Stashed changes
  <system-out/>
  <testcase classname="testcases.CampaignCreateTest" name="createCampaign" time="63.345"/>
  <system-out/>
<<<<<<< Updated upstream
  <testcase classname="testcases.CampaignCreateTest" name="createCampaign" time="47.651"/>
=======
  <testcase classname="testcases.CampaignCreateTest" name="createCampaign" time="32.435"/>
  <system-out/>
  <testcase classname="testcases.CampaignCreateTest" name="createCampaign" time="30.038"/>
=======
<testsuite hostname="GPayghan" failures="0" tests="3" name="testcases.CampaignCreateTest" time="127.077" errors="0" timestamp="2022-03-09T15:04:44 IST" skipped="0">
  <testcase classname="testcases.CampaignCreateTest" name="createCampaign" time="48.129"/>
  <system-out/>
  <testcase classname="testcases.CampaignCreateTest" name="createCampaign" time="42.823"/>
  <system-out/>
  <testcase classname="testcases.CampaignCreateTest" name="createCampaign" time="36.125"/>
>>>>>>> Stashed changes
>>>>>>> Stashed changes
  <system-out/>
</testsuite> <!-- testcases.CampaignCreateTest -->
