<?xml version="1.0" encoding="UTF-8"?>
<!-- Generated by org.testng.reporters.JUnitReportReporter -->
<testsuite hostname="LPT-1008" failures="0" tests="1" name="testcases.ProductPageTest" time="47.534" errors="0" timestamp="2022-03-09T10:09:33 IST" skipped="0">
  <testcase classname="testcases.ProductPageTest" name="createNewProduct" time="47.534"/>
  <system-out/>
</testsuite> <!-- testcases.ProductPageTest -->
