<?xml version="1.0" encoding="UTF-8"?>
<!-- Generated by org.testng.reporters.JUnitReportReporter -->
<testsuite hostname="GPayghan" failures="0" tests="1" name="com.sca.testcases.OpportunityPageTest" time="165.450" errors="0" timestamp="2022-03-24T16:28:52 IST" skipped="0">
  <testcase classname="com.sca.testcases.OpportunityPageTest" name="addProductToOpp" time="165.450"/>
  <system-out/>
</testsuite> <!-- com.sca.testcases.OpportunityPageTest -->
