<?xml version="1.0" encoding="UTF-8"?>
<!-- Generated by org.testng.reporters.JUnitReportReporter -->
<testsuite hostname="GPayghan" failures="0" tests="1" name="com.sca.testcases.ChildCampaignCreateTest" time="36.877" errors="0" timestamp="2022-03-15T15:23:37 IST" skipped="0">
  <testcase classname="com.sca.testcases.ChildCampaignCreateTest" name="createChildCampaign" time="36.877"/>
  <system-out/>
</testsuite> <!-- com.sca.testcases.ChildCampaignCreateTest -->
