<?xml version="1.0" encoding="UTF-8"?>
<!-- Generated by org.testng.reporters.JUnitReportReporter -->
<testsuite hostname="LPT-1008" failures="0" tests="2" name="actions.check" time="0.030" errors="0" timestamp="2022-01-25T15:13:59 IST" skipped="0">
  <testcase classname="actions.check" name="check2" time="0.028"/>
  <system-out/>
  <testcase classname="actions.check" name="check1" time="0.002"/>
  <system-out/>
</testsuite> <!-- actions.check -->
