<?xml version="1.0" encoding="UTF-8"?>
<!-- Generated by org.testng.reporters.JUnitReportReporter -->
<testsuite hostname="GPayghan" failures="0" tests="1" name="testcases.LoginPageTestCase" time="29.453" errors="0" timestamp="2022-02-15T17:32:34 IST" skipped="0">
  <testcase classname="testcases.LoginPageTestCase" name="loginT" time="29.453"/>
  <system-out/>
</testsuite> <!-- testcases.LoginPageTestCase -->
