<?xml version="1.0" encoding="UTF-8"?>
<!-- Generated by org.testng.reporters.JUnitReportReporter -->
<testsuite hostname="LPT-1008" failures="0" tests="1" name="testcases.CreateNewAccountTest" time="39.974" errors="0" timestamp="2022-03-02T10:23:47 IST" skipped="0">
  <testcase classname="testcases.CreateNewAccountTest" name="craetenewacc" time="39.974"/>
  <system-out/>
</testsuite> <!-- testcases.CreateNewAccountTest -->
