<?xml version="1.0" encoding="UTF-8"?>
<!-- Generated by org.testng.reporters.JUnitReportReporter -->
<testsuite hostname="GPayghan" failures="0" tests="1" name="testcases.CreateTeak" time="53.585" errors="0" timestamp="2022-02-17T16:09:30 IST" skipped="0">
  <testcase classname="testcases.CreateTeak" name="createTaskForLead" time="53.585"/>
  <system-out/>
</testsuite> <!-- testcases.CreateTeak -->
