<?xml version="1.0" encoding="UTF-8"?>
<!-- Generated by org.testng.reporters.JUnitReportReporter -->
<testsuite hostname="LPT-1008" failures="0" tests="1" name="testcases.CasePageTest" time="55.429" errors="0" timestamp="2022-03-07T06:50:45 IST" skipped="0">
  <testcase classname="testcases.CasePageTest" name="createNewCase" time="55.429"/>
  <system-out/>
</testsuite> <!-- testcases.CasePageTest -->
