<?xml version="1.0" encoding="UTF-8"?>
<!-- Generated by org.testng.reporters.JUnitReportReporter -->
<testsuite hostname="GPayghan" failures="0" tests="2" name="com.sca.testcases.LeadCreateTest" time="84.015" errors="0" timestamp="2022-03-23T16:52:24 IST" skipped="0">
  <testcase classname="com.sca.testcases.LeadCreateTest" name="createLead" time="42.784"/>
  <system-out/>
  <testcase classname="com.sca.testcases.LeadCreateTest" name="verifyLead" time="41.231"/>
  <system-out/>
</testsuite> <!-- com.sca.testcases.LeadCreateTest -->
