<?xml version="1.0" encoding="UTF-8"?>
<!-- Generated by org.testng.reporters.JUnitReportReporter -->
<testsuite hostname="LPT-1008" failures="0" tests="3" name="testcases.CampaignCreateTest" time="219.440" errors="0" timestamp="2022-03-09T20:38:27 IST" skipped="0">
  <testcase classname="testcases.CampaignCreateTest" name="createCampaign" time="58.114"/>
  <system-out/>
  <testcase classname="testcases.CampaignCreateTest" name="createCampaign" time="121.608"/>
  <system-out/>
  <testcase classname="testcases.CampaignCreateTest" name="createCampaign" time="39.718"/>
  <system-out/>
</testsuite> <!-- testcases.CampaignCreateTest -->
