<?xml version="1.0" encoding="UTF-8"?>
<!-- Generated by org.testng.reporters.JUnitReportReporter -->
<testsuite hostname="GPayghan" failures="0" tests="1" name="com.sca.testcases.ContactPageTest" time="42.012" errors="0" timestamp="2022-03-23T13:00:35 IST" skipped="0">
  <testcase classname="com.sca.testcases.ContactPageTest" name="createNewContact" time="42.012"/>
  <system-out/>
</testsuite> <!-- com.sca.testcases.ContactPageTest -->
