<?xml version="1.0" encoding="UTF-8"?>
<!-- Generated by org.testng.reporters.JUnitReportReporter -->
<testsuite hostname="LPT-1008" failures="0" tests="1" name="testcases.PriceBookTest" time="59.948" errors="0" timestamp="2022-03-04T21:01:16 IST" skipped="0">
  <testcase classname="testcases.PriceBookTest" name="createPriceBook" time="59.948"/>
  <system-out/>
</testsuite> <!-- testcases.PriceBookTest -->
